Removed Pin From Net: NetName=SCAN_OUT12 Pin=H21-1
Removed Pin From Net: NetName=SCAN_SEL12 Pin=H21-2
Removed Pin From Net: NetName=SCAN_IN12 Pin=H21-3
Removed Pin From Net: NetName=SCAN_UPDATE12 Pin=H21-4
Removed Pin From Net: NetName=SCAN_CLKB12 Pin=H21-5
Removed Pin From Net: NetName=SCAN_CLKA12 Pin=H21-6
Removed Pin From Net: NetName=SCAN_OUT Pin=H21-7
Removed Pin From Net: NetName=SCAN_SEL Pin=H21-8
Removed Pin From Net: NetName=SCAN_IN Pin=H21-9
Removed Pin From Net: NetName=SCAN_UPDATE Pin=H21-10
Removed Pin From Net: NetName=SCAN_CLKB Pin=H21-11
Removed Pin From Net: NetName=SCAN_CLKA Pin=H21-12
Added Pin To Net: NetName=SCAN_OUT Pin=H21-1
Added Pin To Net: NetName=SCAN_SEL Pin=H21-2
Added Pin To Net: NetName=SCAN_IN Pin=H21-3
Added Pin To Net: NetName=SCAN_UPDATE Pin=H21-4
Added Pin To Net: NetName=SCAN_CLKB Pin=H21-5
Added Pin To Net: NetName=SCAN_CLKA Pin=H21-6
Added Pin To Net: NetName=SCAN_OUT12 Pin=H21-7
Added Pin To Net: NetName=SCAN_SEL12 Pin=H21-8
Added Pin To Net: NetName=SCAN_IN12 Pin=H21-9
Added Pin To Net: NetName=SCAN_UPDATE12 Pin=H21-10
Added Pin To Net: NetName=SCAN_CLKB12 Pin=H21-11
Added Pin To Net: NetName=SCAN_CLKA12 Pin=H21-12
