Removed Pin From Net: NetName=SCAN_CLKA12 Pin=U10-1
Removed Pin From Net: NetName=SCAN_CLKB12 Pin=U10-2
Removed Pin From Net: NetName=SCAN_UPDATE12 Pin=U10-3
Removed Pin From Net: NetName=SCAN_IN12 Pin=U10-6
Removed Pin From Net: NetName=SCAN_SEL12 Pin=U10-7
Removed Pin From Net: NetName=SCAN_OUT12 Pin=U10-8
Removed Pin From Net: NetName=SCAN_OUT33 Pin=U10-9
Removed Pin From Net: NetName=SCAN_SEL33 Pin=U10-10
Removed Pin From Net: NetName=SCAN_IN33 Pin=U10-11
Removed Pin From Net: NetName=SCAN_UPDATE33 Pin=U10-14
Removed Pin From Net: NetName=SCAN_CLKB33 Pin=U10-15
Removed Pin From Net: NetName=SCAN_CLKA33 Pin=U10-16
Added Pin To Net: NetName=SCAN_OUT12 Pin=U10-1
Added Pin To Net: NetName=SCAN_SEL12 Pin=U10-2
Added Pin To Net: NetName=SCAN_IN12 Pin=U10-3
Added Pin To Net: NetName=SCAN_UPDATE12 Pin=U10-6
Added Pin To Net: NetName=SCAN_CLKB12 Pin=U10-7
Added Pin To Net: NetName=SCAN_CLKA12 Pin=U10-8
Added Pin To Net: NetName=SCAN_CLKA33 Pin=U10-9
Added Pin To Net: NetName=SCAN_CLKB33 Pin=U10-10
Added Pin To Net: NetName=SCAN_UPDATE33 Pin=U10-11
Added Pin To Net: NetName=SCAN_IN33 Pin=U10-14
Added Pin To Net: NetName=SCAN_SEL33 Pin=U10-15
Added Pin To Net: NetName=SCAN_OUT33 Pin=U10-16
