Change Component Designator: Old Designator=CV? New Designator=CV1
Change Component Designator: Old Designator=CV? New Designator=CV2
Change Component Designator: Old Designator=CV? New Designator=CV3
Change Component Designator: Old Designator=CV? New Designator=CV4
Change Component Designator: Old Designator=CV? New Designator=CV5
Change Component Designator: Old Designator=CV? New Designator=CV6
Change Component Designator: Old Designator=CVAMP? New Designator=CVAMP1
Change Component Designator: Old Designator=CVAMP? New Designator=CVAMP2
Change Component Designator: Old Designator=CVAMP? New Designator=CVAMP3
Change Component Designator: Old Designator=CVAMP? New Designator=CVAMP4
Change Component Designator: Old Designator=CVAMP? New Designator=CVAMP5
Change Component Designator: Old Designator=CVAMP? New Designator=CVAMP6
Change Component Designator: Old Designator=CVBAIS? New Designator=CVBAIS1
Change Component Designator: Old Designator=CVBIAS? New Designator=CVBIAS1
Change Component Designator: Old Designator=CVBIAS? New Designator=CVBIAS2
Change Component Designator: Old Designator=CVBIAS? New Designator=CVBIAS3
Change Component Designator: Old Designator=CVBIAS? New Designator=CVBIAS4
Change Component Designator: Old Designator=CVBIAS? New Designator=CVBIAS5
Change Component Designator: Old Designator=CVCLK? New Designator=CVCLK1
Change Component Designator: Old Designator=CVCLK? New Designator=CVCLK2
Change Component Designator: Old Designator=CVCLK? New Designator=CVCLK3
Change Component Designator: Old Designator=CVCLK? New Designator=CVCLK4
Change Component Designator: Old Designator=CVCLK? New Designator=CVCLK5
Change Component Designator: Old Designator=CVCLK? New Designator=CVCLK6
Change Component Designator: Old Designator=CVDDD? New Designator=CVDDD1
Change Component Designator: Old Designator=CVDDD? New Designator=CVDDD2
Change Component Designator: Old Designator=CVDDD? New Designator=CVDDD3
Change Component Designator: Old Designator=CVDDD? New Designator=CVDDD4
Change Component Designator: Old Designator=CVDDD? New Designator=CVDDD5
Change Component Designator: Old Designator=CVDDD? New Designator=CVDDD6
Change Component Designator: Old Designator=CVDP? New Designator=CVDP1
Change Component Designator: Old Designator=CVDP? New Designator=CVDP2
Change Component Designator: Old Designator=CVDP? New Designator=CVDP3
Change Component Designator: Old Designator=CVDP? New Designator=CVDP4
Change Component Designator: Old Designator=CVDP? New Designator=CVDP5
Change Component Designator: Old Designator=CVDP? New Designator=CVDP6
Change Component Designator: Old Designator=CVDRV? New Designator=CVDRV1
Change Component Designator: Old Designator=CVDRV? New Designator=CVDRV2
Change Component Designator: Old Designator=CVDRV? New Designator=CVDRV3
Change Component Designator: Old Designator=CVDRV? New Designator=CVDRV4
Change Component Designator: Old Designator=CVDRV? New Designator=CVDRV5
Change Component Designator: Old Designator=CVDRV? New Designator=CVDRV6
Change Component Designator: Old Designator=HDR_SUP? New Designator=HDR_SUP1
Change Component Designator: Old Designator=HDR_SUP? New Designator=HDR_SUP2
Change Component Designator: Old Designator=HDR_SUP? New Designator=HDR_SUP3
Change Component Designator: Old Designator=R? New Designator=R1
Change Component Designator: Old Designator=R? New Designator=R2
Change Component Designator: Old Designator=R? New Designator=R3
Change Component Designator: Old Designator=R? New Designator=R4
Change Component Designator: Old Designator=R? New Designator=R5
Change Component Designator: Old Designator=R? New Designator=R6
Change Component Designator: Old Designator=RVAMP? New Designator=RVAMP1
Change Component Designator: Old Designator=RVBIAS? New Designator=RVBIAS1
Change Component Designator: Old Designator=RVCLK? New Designator=RVCLK1
Change Component Designator: Old Designator=RVDDD? New Designator=RVDDD1
Change Component Designator: Old Designator=RVDP? New Designator=RVDP1
Change Component Designator: Old Designator=RVDRV? New Designator=RVDRV1
Change Component Designator: Old Designator=UVAMP? New Designator=UVAMP1
Change Component Designator: Old Designator=UVBIAS? New Designator=UVBIAS1
Change Component Designator: Old Designator=UVCLK? New Designator=UVCLK1
Change Component Designator: Old Designator=UVDDD? New Designator=UVDDD1
Change Component Designator: Old Designator=UVDP? New Designator=UVDP1
Change Component Designator: Old Designator=UVDRV? New Designator=UVDRV1
Change Component Designator: Old Designator=VRVAMP? New Designator=VRVAMP1
Change Component Designator: Old Designator=VRVBIAS? New Designator=VRVBIAS1
Change Component Designator: Old Designator=VRVCLK? New Designator=VRVCLK1
Change Component Designator: Old Designator=VRVDDD? New Designator=VRVDDD1
Change Component Designator: Old Designator=VRVDP? New Designator=VRVDP1
Change Component Designator: Old Designator=VRVDRV? New Designator=VRVDRV1
