Change Component Designator: Old Designator=CV33VAMP New Designator=CV?
Change Component Designator: Old Designator=CV33VBIAS New Designator=CV?
Change Component Designator: Old Designator=CV33VCLK New Designator=CV?
Change Component Designator: Old Designator=CV33VDDD New Designator=CV?
Change Component Designator: Old Designator=CV33VDP New Designator=CV?
Change Component Designator: Old Designator=CV33VDRV New Designator=CV?
Change Component Designator: Old Designator=CVAMP0 New Designator=CVAMP?
Change Component Designator: Old Designator=CVAMP1 New Designator=CVAMP?
Change Component Designator: Old Designator=CVAMP2 New Designator=CVAMP?
Change Component Designator: Old Designator=CVAMP3 New Designator=CVAMP?
Change Component Designator: Old Designator=CVAMP4 New Designator=CVAMP?
Change Component Designator: Old Designator=CVAMP5 New Designator=CVAMP?
Change Component Designator: Old Designator=CVBAIS4 New Designator=CVBAIS?
Change Component Designator: Old Designator=CVBIAS0 New Designator=CVBIAS?
Change Component Designator: Old Designator=CVBIAS1 New Designator=CVBIAS?
Change Component Designator: Old Designator=CVBIAS2 New Designator=CVBIAS?
Change Component Designator: Old Designator=CVBIAS3 New Designator=CVBIAS?
Change Component Designator: Old Designator=CVBIAS5 New Designator=CVBIAS?
Change Component Designator: Old Designator=CVCLK0 New Designator=CVCLK?
Change Component Designator: Old Designator=CVCLK1 New Designator=CVCLK?
Change Component Designator: Old Designator=CVCLK2 New Designator=CVCLK?
Change Component Designator: Old Designator=CVCLK3 New Designator=CVCLK?
Change Component Designator: Old Designator=CVCLK4 New Designator=CVCLK?
Change Component Designator: Old Designator=CVCLK5 New Designator=CVCLK?
Change Component Designator: Old Designator=CVDDD0 New Designator=CVDDD?
Change Component Designator: Old Designator=CVDDD1 New Designator=CVDDD?
Change Component Designator: Old Designator=CVDDD2 New Designator=CVDDD?
Change Component Designator: Old Designator=CVDDD3 New Designator=CVDDD?
Change Component Designator: Old Designator=CVDDD4 New Designator=CVDDD?
Change Component Designator: Old Designator=CVDDD5 New Designator=CVDDD?
Change Component Designator: Old Designator=CVDP0 New Designator=CVDP?
Change Component Designator: Old Designator=CVDP1 New Designator=CVDP?
Change Component Designator: Old Designator=CVDP2 New Designator=CVDP?
Change Component Designator: Old Designator=CVDP3 New Designator=CVDP?
Change Component Designator: Old Designator=CVDP4 New Designator=CVDP?
Change Component Designator: Old Designator=CVDP5 New Designator=CVDP?
Change Component Designator: Old Designator=CVDRV0 New Designator=CVDRV?
Change Component Designator: Old Designator=CVDRV1 New Designator=CVDRV?
Change Component Designator: Old Designator=CVDRV2 New Designator=CVDRV?
Change Component Designator: Old Designator=CVDRV3 New Designator=CVDRV?
Change Component Designator: Old Designator=CVDRV4 New Designator=CVDRV?
Change Component Designator: Old Designator=CVDRV5 New Designator=CVDRV?
Change Component Designator: Old Designator=HDR_SUP0 New Designator=HDR_SUP?
Change Component Designator: Old Designator=HDR_SUP1 New Designator=HDR_SUP?
Change Component Designator: Old Designator=HDR_SUP2 New Designator=HDR_SUP?
Change Component Designator: Old Designator=R0R0 New Designator=R?
Change Component Designator: Old Designator=R0R1 New Designator=R?
Change Component Designator: Old Designator=R0R2 New Designator=R?
Change Component Designator: Old Designator=R0R3 New Designator=R?
Change Component Designator: Old Designator=R0R4 New Designator=R?
Change Component Designator: Old Designator=R0R5 New Designator=R?
Change Component Designator: Old Designator=RVAMP New Designator=RVAMP?
Change Component Designator: Old Designator=RVBIAS New Designator=RVBIAS?
Change Component Designator: Old Designator=RVCLK New Designator=RVCLK?
Change Component Designator: Old Designator=RVDDD New Designator=RVDDD?
Change Component Designator: Old Designator=RVDP New Designator=RVDP?
Change Component Designator: Old Designator=RVDRV New Designator=RVDRV?
Change Component Designator: Old Designator=UVAMP New Designator=UVAMP?
Change Component Designator: Old Designator=UVBIAS New Designator=UVBIAS?
Change Component Designator: Old Designator=UVCLK New Designator=UVCLK?
Change Component Designator: Old Designator=UVDDD New Designator=UVDDD?
Change Component Designator: Old Designator=UVDP New Designator=UVDP?
Change Component Designator: Old Designator=UVDRV New Designator=UVDRV?
Change Component Designator: Old Designator=VRVAMP New Designator=VRVAMP?
Change Component Designator: Old Designator=VRVBIAS New Designator=VRVBIAS?
Change Component Designator: Old Designator=VRVCLK New Designator=VRVCLK?
Change Component Designator: Old Designator=VRVDDD New Designator=VRVDDD?
Change Component Designator: Old Designator=VRVDP New Designator=VRVDP?
Change Component Designator: Old Designator=VRVDRV New Designator=VRVDRV?
