Added Pin To Net: NetName=CK0_P Pin=J5-1
Added Pin To Net: NetName=GND Pin=J5-2
Added Pin To Net: NetName=GND Pin=J5-3
Added Pin To Net: NetName=GND Pin=J5-4
Added Pin To Net: NetName=GND Pin=J5-5
Added Pin To Net: NetName=CK1_P Pin=J6-1
Added Pin To Net: NetName=GND Pin=J6-2
Added Pin To Net: NetName=GND Pin=J6-3
Added Pin To Net: NetName=GND Pin=J6-4
Added Pin To Net: NetName=GND Pin=J6-5
Added Pin To Net: NetName=CK0_N Pin=J7-1
Added Pin To Net: NetName=GND Pin=J7-2
Added Pin To Net: NetName=GND Pin=J7-3
Added Pin To Net: NetName=GND Pin=J7-4
Added Pin To Net: NetName=GND Pin=J7-5
Added Pin To Net: NetName=CK1_N Pin=J8-1
Added Pin To Net: NetName=GND Pin=J8-2
Added Pin To Net: NetName=GND Pin=J8-3
Added Pin To Net: NetName=GND Pin=J8-4
Added Pin To Net: NetName=GND Pin=J8-5
Added Pin To Net: NetName=GND Pin=J13-1
Added Pin To Net: NetName=GND Pin=J13-2
Added Pin To Net: NetName=CK2_P Pin=J13-3
Added Pin To Net: NetName=GND Pin=J13-4
Added Pin To Net: NetName=GND Pin=J14-1
Added Pin To Net: NetName=GND Pin=J14-2
Added Pin To Net: NetName=CK2_N Pin=J14-3
Added Pin To Net: NetName=GND Pin=J14-4
Added Pin To Net: NetName=GND Pin=J15-1
Added Pin To Net: NetName=GND Pin=J15-2
Added Pin To Net: NetName=CK3_P Pin=J15-3
Added Pin To Net: NetName=GND Pin=J15-4
Added Pin To Net: NetName=GND Pin=J16-1
Added Pin To Net: NetName=GND Pin=J16-2
Added Pin To Net: NetName=CK3_N Pin=J16-3
Added Pin To Net: NetName=GND Pin=J16-4
Added Member To Class: ClassName=PWR_PCB Member=Component J5 Con RF SMA
Added Member To Class: ClassName=PWR_PCB Member=Component J6 Con RF SMA
Added Member To Class: ClassName=PWR_PCB Member=Component J7 Con RF SMA
Added Member To Class: ClassName=PWR_PCB Member=Component J8 Con RF SMA
Added Member To Class: ClassName=PWR_PCB Member=Component J11 CON_K_SMT_2d92
Added Member To Class: ClassName=PWR_PCB Member=Component J12 CON_K_SMT_2d92
Added Member To Class: ClassName=PWR_PCB Member=Component J13 CON_K_SMT_2d92
Added Member To Class: ClassName=PWR_PCB Member=Component J14 CON_K_SMT_2d92
Added Member To Class: ClassName=PWR_PCB Member=Component J15 CON_K_SMT_2d92
Added Member To Class: ClassName=PWR_PCB Member=Component J16 CON_K_SMT_2d92
Added Member To Class: ClassName=PWR_PCB Member=Component VR2 5K
Added Room: Name=PWR_PCB
