Change Component Designator: OldDesignator=C17 NewDesignator=C26
Change Component Designator: OldDesignator=C18 NewDesignator=C17
Change Component Designator: OldDesignator=C19 NewDesignator=C18
Change Component Designator: OldDesignator=C20 NewDesignator=C19
Change Component Designator: OldDesignator=C21 NewDesignator=C20
Change Component Designator: OldDesignator=C24 NewDesignator=C21
Change Component Designator: OldDesignator=C25 NewDesignator=C24
Change Component Designator: OldDesignator=C26 NewDesignator=C25
Change Component Designator: OldDesignator=C30 NewDesignator=C32
Change Component Designator: OldDesignator=C31 NewDesignator=C30
Change Component Designator: OldDesignator=C32 NewDesignator=C31
Change Component Designator: OldDesignator=C43 NewDesignator=C44
Change Component Designator: OldDesignator=C44 NewDesignator=C43
Change Component Designator: OldDesignator=C56 NewDesignator=C58
Change Component Designator: OldDesignator=C57 NewDesignator=C56
Change Component Designator: OldDesignator=C58 NewDesignator=C57
Change Component Designator: OldDesignator=C64 NewDesignator=C66
Change Component Designator: OldDesignator=C65 NewDesignator=C64
Change Component Designator: OldDesignator=C66 NewDesignator=C65
Change Component Designator: OldDesignator=C72 NewDesignator=C74
Change Component Designator: OldDesignator=C73 NewDesignator=C72
Change Component Designator: OldDesignator=C74 NewDesignator=C73
Change Component Designator: OldDesignator=C80 NewDesignator=C81
Change Component Designator: OldDesignator=C81 NewDesignator=C82
Change Component Designator: OldDesignator=C82 NewDesignator=C80
Change Component Designator: OldDesignator=C88 NewDesignator=C90
Change Component Designator: OldDesignator=C89 NewDesignator=C88
Change Component Designator: OldDesignator=C90 NewDesignator=C89
Change Component Designator: OldDesignator=H9 NewDesignator=H10
Change Component Designator: OldDesignator=H10 NewDesignator=H9
Change Component Designator: OldDesignator=H11 NewDesignator=H12
Change Component Designator: OldDesignator=H12 NewDesignator=H11
Change Component Designator: OldDesignator=H15 NewDesignator=H16
Change Component Designator: OldDesignator=H16 NewDesignator=H15
Change Component Designator: OldDesignator=U5 NewDesignator=U6
Change Component Designator: OldDesignator=VR2 NewDesignator=VR4
Change Component Designator: OldDesignator=VR3 NewDesignator=VR2
Change Component Designator: OldDesignator=VR4 NewDesignator=VR3
Added Component: Designator=U5(MAX13003)
Added Pin To Net: NetName=DIG0_0 Pin=U5-1
Added Pin To Net: NetName=DIG1_0 Pin=U5-2
Added Pin To Net: NetName=DIG2_0 Pin=U5-3
Added Pin To Net: NetName=VDD12_0 Pin=U5-4
Added Pin To Net: NetName=EN_LVL_0 Pin=U5-5
Added Pin To Net: NetName=DIG3_0 Pin=U5-6
Added Pin To Net: NetName=DIG4_0 Pin=U5-7
Added Pin To Net: NetName=DIG5_0 Pin=U5-8
Added Pin To Net: NetName=DIG5_V33_0 Pin=U5-9
Added Pin To Net: NetName=DIG4_V33_0 Pin=U5-10
Added Pin To Net: NetName=DIG3_V33_0 Pin=U5-11
Added Pin To Net: NetName=GND Pin=U5-12
Added Pin To Net: NetName=VDD33_FPGA_0 Pin=U5-13
Added Pin To Net: NetName=DIG2_V33_0 Pin=U5-14
Added Pin To Net: NetName=DIG1_V33_0 Pin=U5-15
Added Pin To Net: NetName=DIG0_V33_0 Pin=U5-16
Added Member To Class: ClassName=PWR_PCB Member=Component U6 MAX13003
Added Room: Name=PWR_PCB
