Added Component: Designator=H1(HEADER_2X2_SMT)
Added Component: Designator=H2(HEADER_2X2_SMT)
Added Component: Designator=H3(HEADER_2X2_SMT)
Added Component: Designator=H4(HEADER_2X2_SMT)
Added Component: Designator=H5(HEADER_2X4_SMT)
Added Component: Designator=H6(HEADER_2X4_SMT)
Added Component: Designator=H7(HEADER_2X4_SMT)
Added Component: Designator=H8(HEADER_2X4_SMT)
Added Component: Designator=H9(HDR2X6_SMT)
Added Component: Designator=H10(HDR2X6_SMT)
Added Component: Designator=H11(HEADER_2X2_SMT)
Added Component: Designator=H12(HEADER_2X2_SMT)
Added Component: Designator=H13(HDR2X6_SMT)
Added Component: Designator=H14(HDR2X6_SMT)
Added Component: Designator=H15(HDR2X6_SMT)
Added Component: Designator=H16(HDR2X6_SMT)
Added Component: Designator=H17(HDR2X6_SMT)
Added Component: Designator=H18(HDR2X6_SMT)
Added Component: Designator=P1(BANANA_JACK_SMT)
Added Component: Designator=P2(BANANA_JACK_SMT)
Added Component: Designator=U1(TJ5A_N)
Add component (AddParameter): Name = "ComponentLink1Description"; Value = "Manufacturer URL"; VariantName = "[No Variations]"
Add component (AddParameter): Name = "ComponentLink1URL"; Value = "http://www.national.com/"; VariantName = "[No Variations]"
Add component (AddParameter): Name = "ComponentLink2Description"; Value = "LP38511 Datasheet"; VariantName = "[No Variations]"
Add component (AddParameter): Name = "ComponentLink2URL"; Value = "http://www.national.com/ds/LP/LP38511-ADJ.pdf"; VariantName = "[No Variations]"
Add component (AddParameter): Name = "ComponentLink3Description"; Value = "LP38511 Web Page"; VariantName = "[No Variations]"
Add component (AddParameter): Name = "ComponentLink3URL"; Value = "http://www.national.com/pf/LP/LP38511.html"; VariantName = "[No Variations]"
Add component (AddParameter): Name = "ComponentLink4Description"; Value = "TJ5A Package Page"; VariantName = "[No Variations]"
Add component (AddParameter): Name = "ComponentLink4URL"; Value = "http://www.national.com/packaging/folders/tj5a.html"; VariantName = "[No Variations]"
Add component (AddParameter): Name = "CompType"; Value = "LDO IC"; VariantName = "[No Variations]"
Add component (AddParameter): Name = "DatasheetVersion"; Value = "Feb-2009"; VariantName = "[No Variations]"
Add component (AddParameter): Name = "High-Reliability"; Value = "Y"; VariantName = "[No Variations]"
Add component (AddParameter): Name = "Manufacturer"; Value = "National Semiconductor"; VariantName = "[No Variations]"
Add component (AddParameter): Name = "PackageDescription"; Value = "Thin TO-263, Molded, 9.85 x 10.16 x 2mm Body, 5 Lead, 1.7mm Pitch, Surface Mount"; VariantName = "[No Variations]"
Add component (AddParameter): Name = "PackageReference"; Value = "TJ5A"; VariantName = "[No Variations]"
Add component (AddParameter): Name = "PackageTopMarking"; Value = "NSUZXYTTE#*LP38511*TJ-ADJ"; VariantName = "[No Variations]"
Add component (AddParameter): Name = "PackageVersion"; Value = "revE, Jan-2008"; VariantName = "[No Variations]"
Add component (AddParameter): Name = "PartNumber"; Value = "LP38511TJ-ADJ"; VariantName = "[No Variations]"
Add component (AddParameter): Name = "PinCount"; Value = "5"; VariantName = "[No Variations]"
Add component (AddParameter): Name = "PowerWise"; Value = "N"; VariantName = "[No Variations]"
Add component (AddParameter): Name = "RoHS"; Value = "Y"; VariantName = "[No Variations]"
Added Component: Designator=U2(TJ5A_N)
Add component (AddParameter): Name = "ComponentLink1Description"; Value = "Manufacturer URL"; VariantName = "[No Variations]"
Add component (AddParameter): Name = "ComponentLink1URL"; Value = "http://www.national.com/"; VariantName = "[No Variations]"
Add component (AddParameter): Name = "ComponentLink2Description"; Value = "LP38511 Datasheet"; VariantName = "[No Variations]"
Add component (AddParameter): Name = "ComponentLink2URL"; Value = "http://www.national.com/ds/LP/LP38511-ADJ.pdf"; VariantName = "[No Variations]"
Add component (AddParameter): Name = "ComponentLink3Description"; Value = "LP38511 Web Page"; VariantName = "[No Variations]"
Add component (AddParameter): Name = "ComponentLink3URL"; Value = "http://www.national.com/pf/LP/LP38511.html"; VariantName = "[No Variations]"
Add component (AddParameter): Name = "ComponentLink4Description"; Value = "TJ5A Package Page"; VariantName = "[No Variations]"
Add component (AddParameter): Name = "ComponentLink4URL"; Value = "http://www.national.com/packaging/folders/tj5a.html"; VariantName = "[No Variations]"
Add component (AddParameter): Name = "CompType"; Value = "LDO IC"; VariantName = "[No Variations]"
Add component (AddParameter): Name = "DatasheetVersion"; Value = "Feb-2009"; VariantName = "[No Variations]"
Add component (AddParameter): Name = "High-Reliability"; Value = "Y"; VariantName = "[No Variations]"
Add component (AddParameter): Name = "Manufacturer"; Value = "National Semiconductor"; VariantName = "[No Variations]"
Add component (AddParameter): Name = "PackageDescription"; Value = "Thin TO-263, Molded, 9.85 x 10.16 x 2mm Body, 5 Lead, 1.7mm Pitch, Surface Mount"; VariantName = "[No Variations]"
Add component (AddParameter): Name = "PackageReference"; Value = "TJ5A"; VariantName = "[No Variations]"
Add component (AddParameter): Name = "PackageTopMarking"; Value = "NSUZXYTTE#*LP38511*TJ-ADJ"; VariantName = "[No Variations]"
Add component (AddParameter): Name = "PackageVersion"; Value = "revE, Jan-2008"; VariantName = "[No Variations]"
Add component (AddParameter): Name = "PartNumber"; Value = "LP38511TJ-ADJ"; VariantName = "[No Variations]"
Add component (AddParameter): Name = "PinCount"; Value = "5"; VariantName = "[No Variations]"
Add component (AddParameter): Name = "PowerWise"; Value = "N"; VariantName = "[No Variations]"
Add component (AddParameter): Name = "RoHS"; Value = "Y"; VariantName = "[No Variations]"
Added Component: Designator=U3(TJ5A_N)
Add component (AddParameter): Name = "ComponentLink1Description"; Value = "Manufacturer URL"; VariantName = "[No Variations]"
Add component (AddParameter): Name = "ComponentLink1URL"; Value = "http://www.national.com/"; VariantName = "[No Variations]"
Add component (AddParameter): Name = "ComponentLink2Description"; Value = "LP38511 Datasheet"; VariantName = "[No Variations]"
Add component (AddParameter): Name = "ComponentLink2URL"; Value = "http://www.national.com/ds/LP/LP38511-ADJ.pdf"; VariantName = "[No Variations]"
Add component (AddParameter): Name = "ComponentLink3Description"; Value = "LP38511 Web Page"; VariantName = "[No Variations]"
Add component (AddParameter): Name = "ComponentLink3URL"; Value = "http://www.national.com/pf/LP/LP38511.html"; VariantName = "[No Variations]"
Add component (AddParameter): Name = "ComponentLink4Description"; Value = "TJ5A Package Page"; VariantName = "[No Variations]"
Add component (AddParameter): Name = "ComponentLink4URL"; Value = "http://www.national.com/packaging/folders/tj5a.html"; VariantName = "[No Variations]"
Add component (AddParameter): Name = "CompType"; Value = "LDO IC"; VariantName = "[No Variations]"
Add component (AddParameter): Name = "DatasheetVersion"; Value = "Feb-2009"; VariantName = "[No Variations]"
Add component (AddParameter): Name = "High-Reliability"; Value = "Y"; VariantName = "[No Variations]"
Add component (AddParameter): Name = "Manufacturer"; Value = "National Semiconductor"; VariantName = "[No Variations]"
Add component (AddParameter): Name = "PackageDescription"; Value = "Thin TO-263, Molded, 9.85 x 10.16 x 2mm Body, 5 Lead, 1.7mm Pitch, Surface Mount"; VariantName = "[No Variations]"
Add component (AddParameter): Name = "PackageReference"; Value = "TJ5A"; VariantName = "[No Variations]"
Add component (AddParameter): Name = "PackageTopMarking"; Value = "NSUZXYTTE#*LP38511*TJ-ADJ"; VariantName = "[No Variations]"
Add component (AddParameter): Name = "PackageVersion"; Value = "revE, Jan-2008"; VariantName = "[No Variations]"
Add component (AddParameter): Name = "PartNumber"; Value = "LP38511TJ-ADJ"; VariantName = "[No Variations]"
Add component (AddParameter): Name = "PinCount"; Value = "5"; VariantName = "[No Variations]"
Add component (AddParameter): Name = "PowerWise"; Value = "N"; VariantName = "[No Variations]"
Add component (AddParameter): Name = "RoHS"; Value = "Y"; VariantName = "[No Variations]"
Added Component: Designator=U4(TJ5A_N)
Add component (AddParameter): Name = "ComponentLink1Description"; Value = "Manufacturer URL"; VariantName = "[No Variations]"
Add component (AddParameter): Name = "ComponentLink1URL"; Value = "http://www.national.com/"; VariantName = "[No Variations]"
Add component (AddParameter): Name = "ComponentLink2Description"; Value = "LP38511 Datasheet"; VariantName = "[No Variations]"
Add component (AddParameter): Name = "ComponentLink2URL"; Value = "http://www.national.com/ds/LP/LP38511-ADJ.pdf"; VariantName = "[No Variations]"
Add component (AddParameter): Name = "ComponentLink3Description"; Value = "LP38511 Web Page"; VariantName = "[No Variations]"
Add component (AddParameter): Name = "ComponentLink3URL"; Value = "http://www.national.com/pf/LP/LP38511.html"; VariantName = "[No Variations]"
Add component (AddParameter): Name = "ComponentLink4Description"; Value = "TJ5A Package Page"; VariantName = "[No Variations]"
Add component (AddParameter): Name = "ComponentLink4URL"; Value = "http://www.national.com/packaging/folders/tj5a.html"; VariantName = "[No Variations]"
Add component (AddParameter): Name = "CompType"; Value = "LDO IC"; VariantName = "[No Variations]"
Add component (AddParameter): Name = "DatasheetVersion"; Value = "Feb-2009"; VariantName = "[No Variations]"
Add component (AddParameter): Name = "High-Reliability"; Value = "Y"; VariantName = "[No Variations]"
Add component (AddParameter): Name = "Manufacturer"; Value = "National Semiconductor"; VariantName = "[No Variations]"
Add component (AddParameter): Name = "PackageDescription"; Value = "Thin TO-263, Molded, 9.85 x 10.16 x 2mm Body, 5 Lead, 1.7mm Pitch, Surface Mount"; VariantName = "[No Variations]"
Add component (AddParameter): Name = "PackageReference"; Value = "TJ5A"; VariantName = "[No Variations]"
Add component (AddParameter): Name = "PackageTopMarking"; Value = "NSUZXYTTE#*LP38511*TJ-ADJ"; VariantName = "[No Variations]"
Add component (AddParameter): Name = "PackageVersion"; Value = "revE, Jan-2008"; VariantName = "[No Variations]"
Add component (AddParameter): Name = "PartNumber"; Value = "LP38511TJ-ADJ"; VariantName = "[No Variations]"
Add component (AddParameter): Name = "PinCount"; Value = "5"; VariantName = "[No Variations]"
Add component (AddParameter): Name = "PowerWise"; Value = "N"; VariantName = "[No Variations]"
Add component (AddParameter): Name = "RoHS"; Value = "Y"; VariantName = "[No Variations]"
Added Component: Designator=U5(MAX13003)
Added Component: Designator=U6(MAX13003)
Added Component: Designator=VR1(POT_3214_Top)
Add component (AddParameter): Name = "Digikey ID"; Value = "3214X-1-502ECT-ND"; VariantName = "[No Variations]"
Add component (AddParameter): Name = "Manufacturer"; Value = "Bourns"; VariantName = "[No Variations]"
Add component (AddParameter): Name = "Manufacturer ID"; Value = "3214X-1-502E"; VariantName = "[No Variations]"
Added Component: Designator=VR2(POT_3214_Top)
Add component (AddParameter): Name = "Digikey ID"; Value = "3214X-1-502ECT-ND"; VariantName = "[No Variations]"
Add component (AddParameter): Name = "Manufacturer"; Value = "Bourns"; VariantName = "[No Variations]"
Add component (AddParameter): Name = "Manufacturer ID"; Value = "3214X-1-502E"; VariantName = "[No Variations]"
Added Component: Designator=VR3(POT_3214_Top)
Add component (AddParameter): Name = "Digikey ID"; Value = "3214X-1-502ECT-ND"; VariantName = "[No Variations]"
Add component (AddParameter): Name = "Manufacturer"; Value = "Bourns"; VariantName = "[No Variations]"
Add component (AddParameter): Name = "Manufacturer ID"; Value = "3214X-1-502E"; VariantName = "[No Variations]"
Added Component: Designator=VR4(POT_3214_Top)
Add component (AddParameter): Name = "Digikey ID"; Value = "3214X-1-502ECT-ND"; VariantName = "[No Variations]"
Add component (AddParameter): Name = "Manufacturer"; Value = "Bourns"; VariantName = "[No Variations]"
Add component (AddParameter): Name = "Manufacturer ID"; Value = "3214X-1-502E"; VariantName = "[No Variations]"
Added Pin To Net: NetName=GND Pin=H1-1
Added Pin To Net: NetName=EN_VDD0 Pin=H1-2
Added Pin To Net: NetName=VDD33 Pin=H1-3
Added Pin To Net: NetName=EN_VDD0 Pin=H1-4
Added Pin To Net: NetName=GND Pin=H2-1
Added Pin To Net: NetName=EN_VDD3 Pin=H2-2
Added Pin To Net: NetName=VDD33 Pin=H2-3
Added Pin To Net: NetName=EN_VDD3 Pin=H2-4
Added Pin To Net: NetName=GND Pin=H3-1
Added Pin To Net: NetName=EN_VDD1 Pin=H3-2
Added Pin To Net: NetName=VDD33 Pin=H3-3
Added Pin To Net: NetName=EN_VDD1 Pin=H3-4
Added Pin To Net: NetName=GND Pin=H4-1
Added Pin To Net: NetName=EN_VDD2 Pin=H4-2
Added Pin To Net: NetName=VDD33 Pin=H4-3
Added Pin To Net: NetName=EN_VDD2 Pin=H4-4
Added Pin To Net: NetName=GND Pin=H5-1
Added Pin To Net: NetName=VDD3 Pin=H5-2
Added Pin To Net: NetName=GND Pin=H5-3
Added Pin To Net: NetName=VDD3 Pin=H5-4
Added Pin To Net: NetName=GND Pin=H5-5
Added Pin To Net: NetName=VDD3 Pin=H5-6
Added Pin To Net: NetName=GND Pin=H5-7
Added Pin To Net: NetName=VDD3 Pin=H5-8
Added Pin To Net: NetName=GND Pin=H6-1
Added Pin To Net: NetName=VDD2 Pin=H6-2
Added Pin To Net: NetName=GND Pin=H6-3
Added Pin To Net: NetName=VDD2 Pin=H6-4
Added Pin To Net: NetName=GND Pin=H6-5
Added Pin To Net: NetName=VDD2 Pin=H6-6
Added Pin To Net: NetName=GND Pin=H6-7
Added Pin To Net: NetName=VDD2 Pin=H6-8
Added Pin To Net: NetName=GND Pin=H7-1
Added Pin To Net: NetName=VDD1 Pin=H7-2
Added Pin To Net: NetName=GND Pin=H7-3
Added Pin To Net: NetName=VDD1 Pin=H7-4
Added Pin To Net: NetName=GND Pin=H7-5
Added Pin To Net: NetName=VDD1 Pin=H7-6
Added Pin To Net: NetName=GND Pin=H7-7
Added Pin To Net: NetName=VDD1 Pin=H7-8
Added Pin To Net: NetName=GND Pin=H8-1
Added Pin To Net: NetName=VDD0 Pin=H8-2
Added Pin To Net: NetName=GND Pin=H8-3
Added Pin To Net: NetName=VDD0 Pin=H8-4
Added Pin To Net: NetName=GND Pin=H8-5
Added Pin To Net: NetName=VDD0 Pin=H8-6
Added Pin To Net: NetName=GND Pin=H8-7
Added Pin To Net: NetName=VDD0 Pin=H8-8
Added Pin To Net: NetName=DIG0_V33_1 Pin=H9-1
Added Pin To Net: NetName=DIG1_V33_1 Pin=H9-2
Added Pin To Net: NetName=DIG2_V33_1 Pin=H9-3
Added Pin To Net: NetName=DIG3_V33_1 Pin=H9-4
Added Pin To Net: NetName=GND Pin=H9-5
Added Pin To Net: NetName=VDD33_FPGA_1 Pin=H9-6
Added Pin To Net: NetName=DIG4_V33_1 Pin=H9-7
Added Pin To Net: NetName=DIG5_V33_1 Pin=H9-8
Added Pin To Net: NetName=GND Pin=H9-11
Added Pin To Net: NetName=VDD33_FPGA_1 Pin=H9-12
Added Pin To Net: NetName=DIG0_V33_0 Pin=H10-1
Added Pin To Net: NetName=DIG1_V33_0 Pin=H10-2
Added Pin To Net: NetName=DIG2_V33_0 Pin=H10-3
Added Pin To Net: NetName=DIG3_V33_0 Pin=H10-4
Added Pin To Net: NetName=GND Pin=H10-5
Added Pin To Net: NetName=VDD33_FPGA_0 Pin=H10-6
Added Pin To Net: NetName=DIG4_V33_0 Pin=H10-7
Added Pin To Net: NetName=DIG5_V33_0 Pin=H10-8
Added Pin To Net: NetName=GND Pin=H10-11
Added Pin To Net: NetName=VDD33_FPGA_0 Pin=H10-12
Added Pin To Net: NetName=EN_LVL_1 Pin=H11-2
Added Pin To Net: NetName=EN_LVL_1 Pin=H11-4
Added Pin To Net: NetName=EN_LVL_0 Pin=H12-2
Added Pin To Net: NetName=EN_LVL_0 Pin=H12-4
Added Pin To Net: NetName=IREF0 Pin=H13-1
Added Pin To Net: NetName=IREF1 Pin=H13-2
Added Pin To Net: NetName=IREF2 Pin=H13-3
Added Pin To Net: NetName=IREF3 Pin=H13-4
Added Pin To Net: NetName=GND Pin=H13-5
Added Pin To Net: NetName=IREF4 Pin=H13-7
Added Pin To Net: NetName=IREF5 Pin=H13-8
Added Pin To Net: NetName=IREF6 Pin=H13-9
Added Pin To Net: NetName=IREF7 Pin=H13-10
Added Pin To Net: NetName=GND Pin=H13-11
Added Pin To Net: NetName=IREF0_M Pin=H14-1
Added Pin To Net: NetName=IREF1_M Pin=H14-2
Added Pin To Net: NetName=IREF2_M Pin=H14-3
Added Pin To Net: NetName=IREF3_M Pin=H14-4
Added Pin To Net: NetName=GND Pin=H14-5
Added Pin To Net: NetName=IREF4_M Pin=H14-7
Added Pin To Net: NetName=IREF5_M Pin=H14-8
Added Pin To Net: NetName=IREF6_M Pin=H14-9
Added Pin To Net: NetName=IREF7_M Pin=H14-10
Added Pin To Net: NetName=GND Pin=H14-11
Added Pin To Net: NetName=GND Pin=H15-1
Added Pin To Net: NetName=VDD12_1 Pin=H15-2
Added Pin To Net: NetName=GND Pin=H15-3
Added Pin To Net: NetName=VDD12_1 Pin=H15-4
Added Pin To Net: NetName=GND Pin=H15-5
Added Pin To Net: NetName=VDD12_1 Pin=H15-6
Added Pin To Net: NetName=DIG0_1 Pin=H15-7
Added Pin To Net: NetName=DIG1_1 Pin=H15-8
Added Pin To Net: NetName=DIG2_1 Pin=H15-9
Added Pin To Net: NetName=DIG3_1 Pin=H15-10
Added Pin To Net: NetName=DIG4_1 Pin=H15-11
Added Pin To Net: NetName=DIG5_1 Pin=H15-12
Added Pin To Net: NetName=GND Pin=H16-1
Added Pin To Net: NetName=VDD12_0 Pin=H16-2
Added Pin To Net: NetName=GND Pin=H16-3
Added Pin To Net: NetName=VDD12_0 Pin=H16-4
Added Pin To Net: NetName=GND Pin=H16-5
Added Pin To Net: NetName=VDD12_0 Pin=H16-6
Added Pin To Net: NetName=DIG0_0 Pin=H16-7
Added Pin To Net: NetName=DIG1_0 Pin=H16-8
Added Pin To Net: NetName=DIG2_0 Pin=H16-9
Added Pin To Net: NetName=DIG3_0 Pin=H16-10
Added Pin To Net: NetName=DIG4_0 Pin=H16-11
Added Pin To Net: NetName=DIG5_0 Pin=H16-12
Added Pin To Net: NetName=IREF8 Pin=H17-1
Added Pin To Net: NetName=IREF9 Pin=H17-2
Added Pin To Net: NetName=IREF10 Pin=H17-3
Added Pin To Net: NetName=IREF11 Pin=H17-4
Added Pin To Net: NetName=GND Pin=H17-5
Added Pin To Net: NetName=IREF12 Pin=H17-7
Added Pin To Net: NetName=IREF13 Pin=H17-8
Added Pin To Net: NetName=IREF14 Pin=H17-9
Added Pin To Net: NetName=IREF15 Pin=H17-10
Added Pin To Net: NetName=GND Pin=H17-11
Added Pin To Net: NetName=IREF8_M Pin=H18-1
Added Pin To Net: NetName=IREF9_M Pin=H18-2
Added Pin To Net: NetName=IREF10_M Pin=H18-3
Added Pin To Net: NetName=IREF11_M Pin=H18-4
Added Pin To Net: NetName=GND Pin=H18-5
Added Pin To Net: NetName=IREF12_M Pin=H18-7
Added Pin To Net: NetName=IREF13_M Pin=H18-8
Added Pin To Net: NetName=IREF14_M Pin=H18-9
Added Pin To Net: NetName=IREF15_M Pin=H18-10
Added Pin To Net: NetName=GND Pin=H18-11
Added Pin To Net: NetName=VDD33 Pin=P1-1
Added Pin To Net: NetName=GND Pin=P2-1
Added Pin To Net: NetName=EN_VDD0 Pin=U1-1
Added Pin To Net: NetName=VDD33 Pin=U1-2
Added Pin To Net: NetName=GND Pin=U1-3
Added Pin To Net: NetName=VDD0 Pin=U1-4
Added Pin To Net: NetName=NetC5_1 Pin=U1-5
Added Pin To Net: NetName=GND Pin=U1-6
Added Pin To Net: NetName=EN_VDD1 Pin=U2-1
Added Pin To Net: NetName=VDD33 Pin=U2-2
Added Pin To Net: NetName=GND Pin=U2-3
Added Pin To Net: NetName=VDD1 Pin=U2-4
Added Pin To Net: NetName=NetC6_1 Pin=U2-5
Added Pin To Net: NetName=GND Pin=U2-6
Added Pin To Net: NetName=EN_VDD2 Pin=U3-1
Added Pin To Net: NetName=VDD33 Pin=U3-2
Added Pin To Net: NetName=GND Pin=U3-3
Added Pin To Net: NetName=VDD2 Pin=U3-4
Added Pin To Net: NetName=NetC7_1 Pin=U3-5
Added Pin To Net: NetName=GND Pin=U3-6
Added Pin To Net: NetName=EN_VDD3 Pin=U4-1
Added Pin To Net: NetName=VDD33 Pin=U4-2
Added Pin To Net: NetName=GND Pin=U4-3
Added Pin To Net: NetName=VDD3 Pin=U4-4
Added Pin To Net: NetName=NetC8_1 Pin=U4-5
Added Pin To Net: NetName=GND Pin=U4-6
Added Pin To Net: NetName=DIG0_1 Pin=U5-1
Added Pin To Net: NetName=DIG1_1 Pin=U5-2
Added Pin To Net: NetName=DIG2_1 Pin=U5-3
Added Pin To Net: NetName=VDD12_1 Pin=U5-4
Added Pin To Net: NetName=EN_LVL_1 Pin=U5-5
Added Pin To Net: NetName=DIG3_1 Pin=U5-6
Added Pin To Net: NetName=DIG4_1 Pin=U5-7
Added Pin To Net: NetName=DIG5_1 Pin=U5-8
Added Pin To Net: NetName=DIG5_V33_1 Pin=U5-9
Added Pin To Net: NetName=DIG4_V33_1 Pin=U5-10
Added Pin To Net: NetName=DIG3_V33_1 Pin=U5-11
Added Pin To Net: NetName=GND Pin=U5-12
Added Pin To Net: NetName=VDD33_FPGA_1 Pin=U5-13
Added Pin To Net: NetName=DIG2_V33_1 Pin=U5-14
Added Pin To Net: NetName=DIG1_V33_1 Pin=U5-15
Added Pin To Net: NetName=DIG0_V33_1 Pin=U5-16
Added Pin To Net: NetName=DIG0_0 Pin=U6-1
Added Pin To Net: NetName=DIG1_0 Pin=U6-2
Added Pin To Net: NetName=DIG2_0 Pin=U6-3
Added Pin To Net: NetName=VDD12_0 Pin=U6-4
Added Pin To Net: NetName=EN_LVL_0 Pin=U6-5
Added Pin To Net: NetName=DIG3_0 Pin=U6-6
Added Pin To Net: NetName=DIG4_0 Pin=U6-7
Added Pin To Net: NetName=DIG5_0 Pin=U6-8
Added Pin To Net: NetName=DIG5_V33_0 Pin=U6-9
Added Pin To Net: NetName=DIG4_V33_0 Pin=U6-10
Added Pin To Net: NetName=DIG3_V33_0 Pin=U6-11
Added Pin To Net: NetName=GND Pin=U6-12
Added Pin To Net: NetName=VDD33_FPGA_0 Pin=U6-13
Added Pin To Net: NetName=DIG2_V33_0 Pin=U6-14
Added Pin To Net: NetName=DIG1_V33_0 Pin=U6-15
Added Pin To Net: NetName=DIG0_V33_0 Pin=U6-16
Added Pin To Net: NetName=NetC5_1 Pin=VR1-1
Added Pin To Net: NetName=GND Pin=VR1-2
Added Pin To Net: NetName=NC0 Pin=VR1-3
Added Pin To Net: NetName=NetC6_1 Pin=VR2-1
Added Pin To Net: NetName=GND Pin=VR2-2
Added Pin To Net: NetName=NC1 Pin=VR2-3
Added Pin To Net: NetName=NetC7_1 Pin=VR3-1
Added Pin To Net: NetName=GND Pin=VR3-2
Added Pin To Net: NetName=NC2 Pin=VR3-3
Added Pin To Net: NetName=NetC8_1 Pin=VR4-1
Added Pin To Net: NetName=GND Pin=VR4-2
Added Pin To Net: NetName=NC3 Pin=VR4-3
Added Member To Class: ClassName=PWR_PCB Member=Component H1 HEADER_2X2_SMT
Added Member To Class: ClassName=PWR_PCB Member=Component H2 HEADER_2X2_SMT
Added Member To Class: ClassName=PWR_PCB Member=Component H3 HEADER_2X2_SMT
Added Member To Class: ClassName=PWR_PCB Member=Component H4 HEADER_2X2_SMT
Added Member To Class: ClassName=PWR_PCB Member=Component H5 HEADER_2X4_SMT
Added Member To Class: ClassName=PWR_PCB Member=Component H6 HEADER_2X4_SMT
Added Member To Class: ClassName=PWR_PCB Member=Component H7 HEADER_2X4_SMT
Added Member To Class: ClassName=PWR_PCB Member=Component H8 HEADER_2X4_SMT
Added Member To Class: ClassName=PWR_PCB Member=Component H9 HEADER_2X6_SMT
Added Member To Class: ClassName=PWR_PCB Member=Component H10 HEADER_2X6_SMT
Added Member To Class: ClassName=PWR_PCB Member=Component H11 HEADER_2X2_SMT
Added Member To Class: ClassName=PWR_PCB Member=Component H12 HEADER_2X2_SMT
Added Member To Class: ClassName=PWR_PCB Member=Component H13 HEADER_2X6_SMT
Added Member To Class: ClassName=PWR_PCB Member=Component H14 HEADER_2X6_SMT
Added Member To Class: ClassName=PWR_PCB Member=Component H15 HEADER_2X6_SMT
Added Member To Class: ClassName=PWR_PCB Member=Component H16 HEADER_2X6_SMT
Added Member To Class: ClassName=PWR_PCB Member=Component H17 HEADER_2X6_SMT
Added Member To Class: ClassName=PWR_PCB Member=Component H18 HEADER_2X6_SMT
Added Member To Class: ClassName=PWR_PCB Member=Component P1 BANANA_JACK_SMT
Added Member To Class: ClassName=PWR_PCB Member=Component P2 BANANA_JACK_SMT
Added Member To Class: ClassName=PWR_PCB Member=Component U1 LP38511TJ-ADJ
Added Member To Class: ClassName=PWR_PCB Member=Component U2 LP38511TJ-ADJ
Added Member To Class: ClassName=PWR_PCB Member=Component U3 LP38511TJ-ADJ
Added Member To Class: ClassName=PWR_PCB Member=Component U4 LP38511TJ-ADJ
Added Member To Class: ClassName=PWR_PCB Member=Component U5 MAX13003
Added Member To Class: ClassName=PWR_PCB Member=Component U6 MAX13003
Added Member To Class: ClassName=PWR_PCB Member=Component VR1 5K
Added Member To Class: ClassName=PWR_PCB Member=Component VR2 5K
Added Member To Class: ClassName=PWR_PCB Member=Component VR3 5K
Added Member To Class: ClassName=PWR_PCB Member=Component VR4 5K
