Removed Pin From Net: NetName=GND Pin=C25-1
Removed Pin From Net: NetName=IREF1 Pin=C25-2
Removed Pin From Net: NetName=GND Pin=C26-1
Removed Pin From Net: NetName=IREF0 Pin=C26-2
Removed Pin From Net: NetName=GND Pin=C27-1
Removed Pin From Net: NetName=IREF2 Pin=C27-2
Removed Pin From Net: NetName=GND Pin=C28-1
Removed Pin From Net: NetName=IREF6 Pin=C28-2
Removed Pin From Net: NetName=GND Pin=C29-1
Removed Pin From Net: NetName=IREF3 Pin=C29-2
Removed Pin From Net: NetName=GND Pin=C30-1
Removed Pin From Net: NetName=IREF4 Pin=C30-2
Removed Pin From Net: NetName=GND Pin=C31-1
Removed Pin From Net: NetName=IREF5 Pin=C31-2
Removed Pin From Net: NetName=GND Pin=C32-1
Removed Pin From Net: NetName=IREF7 Pin=C32-2
Removed Pin From Net: NetName=GND Pin=C33-1
Removed Pin From Net: NetName=IREF0 Pin=C33-2
Removed Pin From Net: NetName=GND Pin=C34-1
Removed Pin From Net: NetName=IREF1 Pin=C34-2
Removed Pin From Net: NetName=GND Pin=C35-1
Removed Pin From Net: NetName=IREF2 Pin=C35-2
Removed Pin From Net: NetName=GND Pin=C36-1
Removed Pin From Net: NetName=IREF3 Pin=C36-2
Removed Pin From Net: NetName=GND Pin=C37-1
Removed Pin From Net: NetName=IREF4 Pin=C37-2
Removed Pin From Net: NetName=GND Pin=C38-1
Removed Pin From Net: NetName=IREF6 Pin=C38-2
Removed Pin From Net: NetName=GND Pin=C39-1
Removed Pin From Net: NetName=IREF5 Pin=C39-2
Removed Pin From Net: NetName=GND Pin=C40-1
Removed Pin From Net: NetName=IREF7 Pin=C40-2
Removed Pin From Net: NetName=GND Pin=C41-1
Removed Pin From Net: NetName=IREF1 Pin=C41-2
Removed Pin From Net: NetName=GND Pin=C42-1
Removed Pin From Net: NetName=IREF0 Pin=C42-2
Removed Pin From Net: NetName=GND Pin=C43-1
Removed Pin From Net: NetName=IREF2 Pin=C43-2
Removed Pin From Net: NetName=GND Pin=C44-1
Removed Pin From Net: NetName=IREF6 Pin=C44-2
Removed Pin From Net: NetName=GND Pin=C45-1
Removed Pin From Net: NetName=IREF3 Pin=C45-2
Removed Pin From Net: NetName=GND Pin=C46-1
Removed Pin From Net: NetName=IREF4 Pin=C46-2
Removed Pin From Net: NetName=GND Pin=C47-1
Removed Pin From Net: NetName=IREF5 Pin=C47-2
Removed Pin From Net: NetName=GND Pin=C48-1
Removed Pin From Net: NetName=IREF7 Pin=C48-2
Removed Pin From Net: NetName=GND Pin=C69-1
Removed Pin From Net: NetName=IREF9 Pin=C69-2
Removed Pin From Net: NetName=GND Pin=C70-1
Removed Pin From Net: NetName=IREF9 Pin=C70-2
Removed Pin From Net: NetName=GND Pin=C71-1
Removed Pin From Net: NetName=IREF10 Pin=C71-2
Removed Pin From Net: NetName=GND Pin=C72-1
Removed Pin From Net: NetName=IREF14 Pin=C72-2
Removed Pin From Net: NetName=GND Pin=C73-1
Removed Pin From Net: NetName=IREF11 Pin=C73-2
Removed Pin From Net: NetName=GND Pin=C74-1
Removed Pin From Net: NetName=IREF12 Pin=C74-2
Removed Pin From Net: NetName=GND Pin=C75-1
Removed Pin From Net: NetName=IREF13 Pin=C75-2
Removed Pin From Net: NetName=GND Pin=C76-1
Removed Pin From Net: NetName=IREF15 Pin=C76-2
Removed Pin From Net: NetName=GND Pin=C77-1
Removed Pin From Net: NetName=IREF9 Pin=C77-2
Removed Pin From Net: NetName=GND Pin=C78-1
Removed Pin From Net: NetName=IREF9 Pin=C78-2
Removed Pin From Net: NetName=GND Pin=C79-1
Removed Pin From Net: NetName=IREF10 Pin=C79-2
Removed Pin From Net: NetName=GND Pin=C80-1
Removed Pin From Net: NetName=IREF12 Pin=C80-2
Removed Pin From Net: NetName=GND Pin=C81-1
Removed Pin From Net: NetName=IREF14 Pin=C81-2
Removed Pin From Net: NetName=GND Pin=C82-1
Removed Pin From Net: NetName=IREF11 Pin=C82-2
Removed Pin From Net: NetName=GND Pin=C83-1
Removed Pin From Net: NetName=IREF13 Pin=C83-2
Removed Pin From Net: NetName=GND Pin=C84-1
Removed Pin From Net: NetName=IREF15 Pin=C84-2
Removed Pin From Net: NetName=GND Pin=C85-1
Removed Pin From Net: NetName=IREF9 Pin=C85-2
Removed Pin From Net: NetName=GND Pin=C86-1
Removed Pin From Net: NetName=IREF9 Pin=C86-2
Removed Pin From Net: NetName=GND Pin=C87-1
Removed Pin From Net: NetName=IREF10 Pin=C87-2
Removed Pin From Net: NetName=GND Pin=C88-1
Removed Pin From Net: NetName=IREF12 Pin=C88-2
Removed Pin From Net: NetName=GND Pin=C89-1
Removed Pin From Net: NetName=IREF14 Pin=C89-2
Removed Pin From Net: NetName=GND Pin=C90-1
Removed Pin From Net: NetName=IREF11 Pin=C90-2
Removed Pin From Net: NetName=GND Pin=C91-1
Removed Pin From Net: NetName=IREF13 Pin=C91-2
Removed Pin From Net: NetName=GND Pin=C92-1
Removed Pin From Net: NetName=IREF15 Pin=C92-2
Removed Member From Class: ClassName=PWR_PCB Member=C46
Removed Member From Class: ClassName=PWR_PCB Member=C47
Removed Member From Class: ClassName=PWR_PCB Member=C48
Removed Member From Class: ClassName=PWR_PCB Member=C49
Removed Member From Class: ClassName=PWR_PCB Member=C53
Removed Member From Class: ClassName=PWR_PCB Member=C55
Removed Member From Class: ClassName=PWR_PCB Member=C57
Removed Member From Class: ClassName=PWR_PCB Member=C59
Removed Member From Class: ClassName=PWR_PCB Member=C61
Removed Member From Class: ClassName=PWR_PCB Member=C62
Removed Member From Class: ClassName=PWR_PCB Member=C63
Removed Member From Class: ClassName=PWR_PCB Member=C65
Removed Member From Class: ClassName=PWR_PCB Member=C67
Removed Member From Class: ClassName=PWR_PCB Member=C69
Removed Member From Class: ClassName=PWR_PCB Member=C70
Removed Member From Class: ClassName=PWR_PCB Member=C71
Removed Member From Class: ClassName=PWR_PCB Member=C72
Removed Member From Class: ClassName=PWR_PCB Member=C73
Removed Member From Class: ClassName=PWR_PCB Member=C75
Removed Member From Class: ClassName=PWR_PCB Member=C76
Removed Member From Class: ClassName=PWR_PCB Member=C77
Removed Member From Class: ClassName=PWR_PCB Member=C78
Removed Member From Class: ClassName=PWR_PCB Member=C79
Removed Member From Class: ClassName=PWR_PCB Member=C80
Removed Member From Class: ClassName=PWR_PCB Member=C83
Removed Member From Class: ClassName=PWR_PCB Member=C84
Removed Member From Class: ClassName=PWR_PCB Member=C85
Removed Member From Class: ClassName=PWR_PCB Member=C86
Removed Member From Class: ClassName=PWR_PCB Member=C87
Removed Member From Class: ClassName=PWR_PCB Member=C89
Removed Member From Class: ClassName=PWR_PCB Member=C91
Removed Member From Class: ClassName=PWR_PCB Member=C92
Change Component Designator: OldDesignator=C9 NewDesignator=C10
Change Component Designator: OldDesignator=C10 NewDesignator=C9
Change Component Designator: OldDesignator=C12 NewDesignator=C13
Change Component Designator: OldDesignator=C13 NewDesignator=C15
Change Component Designator: OldDesignator=C14 NewDesignator=C12
Change Component Designator: OldDesignator=C15 NewDesignator=C14
Change Component Designator: OldDesignator=C17 NewDesignator=C18
Change Component Designator: OldDesignator=C18 NewDesignator=C17
Change Component Designator: OldDesignator=C22 NewDesignator=C23
Change Component Designator: OldDesignator=C23 NewDesignator=C22
Change Component Designator: OldDesignator=C49 NewDesignator=C41
Change Component Designator: OldDesignator=C50 NewDesignator=C42
Change Component Designator: OldDesignator=C51 NewDesignator=C43
Change Component Designator: OldDesignator=C52 NewDesignator=C44
Change Component Designator: OldDesignator=C53 NewDesignator=C26
Change Component Designator: OldDesignator=C54 NewDesignator=C25
Change Component Designator: OldDesignator=C55 NewDesignator=C27
Change Component Designator: OldDesignator=C56 NewDesignator=C31
Change Component Designator: OldDesignator=C57 NewDesignator=C28
Change Component Designator: OldDesignator=C58 NewDesignator=C29
Change Component Designator: OldDesignator=C59 NewDesignator=C30
Change Component Designator: OldDesignator=C60 NewDesignator=C32
Change Component Designator: OldDesignator=C61 NewDesignator=C34
Change Component Designator: OldDesignator=C62 NewDesignator=C33
Change Component Designator: OldDesignator=C63 NewDesignator=C35
Change Component Designator: OldDesignator=C64 NewDesignator=C39
Change Component Designator: OldDesignator=C65 NewDesignator=C36
Change Component Designator: OldDesignator=C66 NewDesignator=C37
Change Component Designator: OldDesignator=C67 NewDesignator=C38
Change Component Designator: OldDesignator=C68 NewDesignator=C40
Change Component Designator: OldDesignator=H9 NewDesignator=H11
Change Component Designator: OldDesignator=H10 NewDesignator=H12
Change Component Designator: OldDesignator=H11 NewDesignator=H13
Change Component Designator: OldDesignator=H12 NewDesignator=H14
Change Component Designator: OldDesignator=H13 NewDesignator=H9
Change Component Designator: OldDesignator=H14 NewDesignator=H10
Change Component Designator: OldDesignator=H15 NewDesignator=H17
Change Component Designator: OldDesignator=H16 NewDesignator=H18
Change Component Designator: OldDesignator=H17 NewDesignator=H15
Change Component Designator: OldDesignator=H18 NewDesignator=H16
Change Component Designator: OldDesignator=VR2 NewDesignator=VR3
Change Component Designator: OldDesignator=VR3 NewDesignator=VR4
Change Component Designator: OldDesignator=VR4 NewDesignator=VR2
Added Member To Class: ClassName=PWR_PCB Member=Component C17 Cap Semi
Added Member To Class: ClassName=PWR_PCB Member=Component C18 Cap Semi
Added Member To Class: ClassName=PWR_PCB Member=Component C23 Cap Semi
Added Member To Class: ClassName=PWR_PCB Member=Component H13 HEADER_2X2_SMT
Added Member To Class: ClassName=PWR_PCB Member=Component H17 HEADER_2X6_SMT
Added Room: Name=PWR_PCB
