Change Component Designator: Old Designator=C41 New Designator=C25
Change Component Designator: Old Designator=C42 New Designator=C26
Change Component Designator: Old Designator=C43 New Designator=C27
Change Component Designator: Old Designator=C44 New Designator=C28
Change Component Designator: Old Designator=C? New Designator=C29
Change Component Designator: Old Designator=C? New Designator=C30
Change Component Designator: Old Designator=C? New Designator=C31
Change Component Designator: Old Designator=C? New Designator=C32
Change Component Designator: Old Designator=C? New Designator=C33
Change Component Designator: Old Designator=C? New Designator=C34
Change Component Designator: Old Designator=C? New Designator=C35
Change Component Designator: Old Designator=C? New Designator=C36
Change Component Designator: Old Designator=C? New Designator=C37
Change Component Designator: Old Designator=C? New Designator=C38
Change Component Designator: Old Designator=C? New Designator=C39
Change Component Designator: Old Designator=C? New Designator=C40
Change Component Designator: Old Designator=C? New Designator=C41
Change Component Designator: Old Designator=C? New Designator=C42
Change Component Designator: Old Designator=C? New Designator=C43
Change Component Designator: Old Designator=C? New Designator=C44
Change Component Designator: Old Designator=H17 New Designator=H15
Change Component Designator: Old Designator=H18 New Designator=H16
Change Component Designator: Old Designator=H? New Designator=H17
Change Component Designator: Old Designator=R? New Designator=R13
Change Component Designator: Old Designator=R? New Designator=R14
Change Component Designator: Old Designator=R? New Designator=R15
Change Component Designator: Old Designator=R? New Designator=R16
Change Component Designator: Old Designator=R? New Designator=R17
Change Component Designator: Old Designator=R? New Designator=R18
Change Component Designator: Old Designator=R? New Designator=R19
Change Component Designator: Old Designator=R? New Designator=R20
Change Component Designator: Old Designator=VR? New Designator=VR5
Change Component Designator: Old Designator=VR? New Designator=VR6
Change Component Designator: Old Designator=VR? New Designator=VR7
Change Component Designator: Old Designator=VR? New Designator=VR8
Change Component Designator: Old Designator=VR? New Designator=VR9
Change Component Designator: Old Designator=VR? New Designator=VR10
Change Component Designator: Old Designator=VR? New Designator=VR11
Change Component Designator: Old Designator=VR? New Designator=VR12
